Fri Apr 17 23:59:44 2026 : Write to PRIMARY node
Fri Apr 17 23:59:44 2026 : Write to REPLICA node
Sat Apr 18 00:01:39 2026 : Write to PRIMARY node
Sat Apr 18 00:01:39 2026 : Write to REPLICA node
Sat Apr 18 00:17:11 2026 : Write to PRIMARY node
Sat Apr 18 00:17:11 2026 : Write to REPLICA node
Sat Apr 18 00:29:24 2026 : Write to PRIMARY node
Sat Apr 18 00:29:24 2026 : Write to REPLICA node
Sat Apr 18 00:33:00 2026 : Write to PRIMARY node
Sat Apr 18 00:33:00 2026 : Write to REPLICA node
Sat Apr 18 00:41:12 2026 : Write to PRIMARY node
Sat Apr 18 00:41:12 2026 : Write to REPLICA node
Sat Apr 18 20:52:05 2026 : Write to PRIMARY node
Sat Apr 18 20:52:05 2026 : Write to REPLICA node
Sat Apr 18 20:52:43 2026 : Write to PRIMARY node
Sat Apr 18 20:52:43 2026 : Write to REPLICA node
Sat Apr 18 20:53:16 2026 : Write to PRIMARY node
Sat Apr 18 20:55:02 2026 : Write to PRIMARY node
Sat Apr 18 20:55:02 2026 : Write to REPLICA node
Sat Apr 18 21:36:19 2026 : Write to PRIMARY node
Sat Apr 18 21:36:19 2026 : Write to REPLICA node
Sat Apr 18 21:36:49 2026 : Write to PRIMARY node
Sat Apr 18 21:36:49 2026 : Write to REPLICA node
Sat Apr 18 21:45:47 2026 : Write to PRIMARY node
Sat Apr 18 21:45:47 2026 : Write to REPLICA node
Sat Apr 18 21:46:38 2026 : Write to PRIMARY node
Sat Apr 18 21:46:38 2026 : Write to REPLICA node
Sun Apr 19 00:02:27 2026 : Write to PRIMARY node
Sun Apr 19 00:02:27 2026 : Write to REPLICA node
Sun Apr 19 00:02:34 2026 : Write to PRIMARY node
Sun Apr 19 00:02:34 2026 : Write to REPLICA node
Sun Apr 19 00:02:49 2026 : Write to PRIMARY node
Sun Apr 19 00:02:49 2026 : Write to REPLICA node
Sun Apr 19 00:11:51 2026 : Write to PRIMARY node
Sun Apr 19 00:11:51 2026 : Write to REPLICA node
Sun Apr 19 00:13:21 2026 : Write to PRIMARY node
Sun Apr 19 00:13:21 2026 : Write to REPLICA node
Fri Apr 24 15:56:09 2026 : Write to PRIMARY node
Fri Apr 24 15:56:09 2026 : Write to REPLICA node
Fri Apr 24 15:56:28 2026 : Write to PRIMARY node
Fri Apr 24 15:56:28 2026 : Write to REPLICA node
Fri May  1 14:27:10 2026 : Write to PRIMARY node
Fri May  1 14:27:10 2026 : Write to REPLICA node
